---------------------------------------------------------------
[ 2018-11-25T21:04:21+08:00 ] ::1 GET localhost/DistributedNetDisk/public/index.php?s=index/LoginController/login&username=admin&password=admin
[ sql ] [ DB ] CONNECT:[ UseTime:1.595863s ] mysql:host=hifafu.com;port=3306;dbname=DisNetDisk;charset=utf8
[ sql ] [ SQL ] SHOW COLUMNS FROM `netdisk_user` [ RunTime:0.102779s ]
[ sql ] [ SQL ] SELECT `salt` FROM `netdisk_user` WHERE  `username` = 'admin' [ RunTime:0.095502s ]
[ sql ] [ SQL ] SELECT * FROM `netdisk_user` WHERE  `username` = 'admin'  AND `password` = '99feb0c9809cbbe1ca471d45a6d555e4' LIMIT 1 [ RunTime:0.096344s ]
---------------------------------------------------------------
[ 2018-11-25T21:06:06+08:00 ] ::1 GET localhost/DistributedNetDisk/public/index.php?s=index/LoginController/login&username=admin&password=admin
[ sql ] [ DB ] CONNECT:[ UseTime:0.154152s ] mysql:host=hifafu.com;port=3306;dbname=DisNetDisk;charset=utf8
[ sql ] [ SQL ] SHOW COLUMNS FROM `netdisk_user` [ RunTime:0.102829s ]
[ sql ] [ SQL ] SELECT `salt` FROM `netdisk_user` WHERE  `username` = 'admin' [ RunTime:0.101589s ]
[ sql ] [ SQL ] SELECT * FROM `netdisk_user` WHERE  `username` = 'admin'  AND `password` = '99feb0c9809cbbe1ca471d45a6d555e4' LIMIT 1 [ RunTime:0.100819s ]
---------------------------------------------------------------
[ 2018-11-25T22:48:35+08:00 ] ::1 GET localhost/DistributedNetDisk/public/index.php?s=index/LoginController/login&username=admin&password=admin
[ sql ] [ DB ] CONNECT:[ UseTime:0.168331s ] mysql:host=hifafu.com;port=3306;dbname=DisNetDisk;charset=utf8
[ sql ] [ SQL ] SHOW COLUMNS FROM `netdisk_user` [ RunTime:0.087128s ]
[ sql ] [ SQL ] SELECT `salt` FROM `netdisk_user` WHERE  `username` = 'admin' [ RunTime:0.086899s ]
[ sql ] [ SQL ] SELECT * FROM `netdisk_user` WHERE  `username` = 'admin'  AND `password` = '99feb0c9809cbbe1ca471d45a6d555e4' LIMIT 1 [ RunTime:0.087513s ]
---------------------------------------------------------------
[ 2018-11-25T22:48:45+08:00 ] ::1 GET localhost/DistributedNetDisk/public/index.php?s=index/LoginController/login&username=admin&password=admin
[ sql ] [ DB ] CONNECT:[ UseTime:0.157480s ] mysql:host=hifafu.com;port=3306;dbname=DisNetDisk;charset=utf8
[ sql ] [ SQL ] SHOW COLUMNS FROM `netdisk_user` [ RunTime:0.088515s ]
[ sql ] [ SQL ] SELECT `salt` FROM `netdisk_user` WHERE  `username` = 'admin' [ RunTime:0.087969s ]
[ sql ] [ SQL ] SELECT * FROM `netdisk_user` WHERE  `username` = 'admin'  AND `password` = '99feb0c9809cbbe1ca471d45a6d555e4' LIMIT 1 [ RunTime:0.088035s ]
---------------------------------------------------------------
[ 2018-11-25T22:58:30+08:00 ] ::1 GET localhost/DistributedNetDisk/public/index.php?s=index/LoginController/login&username=admin&password=admin
[ sql ] [ DB ] CONNECT:[ UseTime:0.149597s ] mysql:host=hifafu.com;port=3306;dbname=DisNetDisk;charset=utf8
[ sql ] [ SQL ] SHOW COLUMNS FROM `netdisk_user` [ RunTime:0.084855s ]
[ sql ] [ SQL ] SELECT `salt` FROM `netdisk_user` WHERE  `username` = 'admin' [ RunTime:0.084251s ]
[ sql ] [ SQL ] SELECT * FROM `netdisk_user` WHERE  `username` = 'admin'  AND `password` = '99feb0c9809cbbe1ca471d45a6d555e4' LIMIT 1 [ RunTime:0.084643s ]
---------------------------------------------------------------
[ 2018-11-25T23:22:13+08:00 ] ::1 GET localhost/DistributedNetDisk/public/index.php?s=index/LoginController/login&username=admin&password=admin
[ sql ] [ DB ] CONNECT:[ UseTime:0.227307s ] mysql:host=hifafu.com;port=3306;dbname=DisNetDisk;charset=utf8
[ sql ] [ SQL ] SHOW COLUMNS FROM `netdisk_user` [ RunTime:0.085755s ]
[ sql ] [ SQL ] SELECT `salt` FROM `netdisk_user` WHERE  `username` = 'admin' [ RunTime:0.085488s ]
[ sql ] [ SQL ] SELECT * FROM `netdisk_user` WHERE  `username` = 'admin'  AND `password` = '99feb0c9809cbbe1ca471d45a6d555e4' LIMIT 1 [ RunTime:0.085870s ]
---------------------------------------------------------------
[ 2018-11-25T23:38:52+08:00 ] ::1 POST localhost/DistributedNetDisk/public/index.php?s=index/Fileupload/fileupload
[ error ] [8]未定义数组索引: data
---------------------------------------------------------------
[ 2018-11-25T23:38:57+08:00 ] ::1 POST localhost/DistributedNetDisk/public/index.php?s=index/Fileupload/fileupload
[ error ] [8]未定义数组索引: data
---------------------------------------------------------------
[ 2018-11-25T23:39:15+08:00 ] ::1 GET localhost/DistributedNetDisk/public/index.php?s=index/Fileupload/fileupload
[ error ] [8]未定义数组索引: data
---------------------------------------------------------------
[ 2018-11-25T23:39:35+08:00 ] ::1 GET localhost/DistributedNetDisk/public/index.php?s=index/Fileupload/fileupload
[ error ] [8]未定义数组索引: data
---------------------------------------------------------------
[ 2018-11-25T23:39:48+08:00 ] ::1 GET localhost/DistributedNetDisk/public/index.php?s=index/Fileupload/fileupload&_=1543160385481
[ error ] [8]未定义数组索引: data
---------------------------------------------------------------
[ 2018-11-25T23:40:28+08:00 ] ::1 GET localhost/DistributedNetDisk/public/index.php?s=index/Fileupload/fileupload?data=123
[ error ] [8]未定义数组索引: data
---------------------------------------------------------------
[ 2018-11-25T23:41:14+08:00 ] ::1 GET localhost/DistributedNetDisk/public/index.php?s=index/Fileupload/fileupload&_=1543160470932
[ error ] [8]未定义数组索引: data
---------------------------------------------------------------
[ 2018-11-25T23:41:19+08:00 ] ::1 GET localhost/DistributedNetDisk/public/index.php?s=index/Fileupload/fileupload&_=1543160476104
[ error ] [8]未定义数组索引: data
---------------------------------------------------------------
[ 2018-11-25T23:41:48+08:00 ] ::1 GET localhost/DistributedNetDisk/public/index.php?s=index/Fileupload/fileupload&_=1543160505610
[ error ] [8]未定义数组索引: data
---------------------------------------------------------------
[ 2018-11-25T23:41:52+08:00 ] ::1 GET localhost/DistributedNetDisk/public/index.php?s=index/Fileupload/fileupload&_=1543160508832
[ error ] [8]未定义数组索引: data
---------------------------------------------------------------
[ 2018-11-25T23:45:00+08:00 ] ::1 GET localhost/DistributedNetDisk/public/index.php?s=index/LoginController/login&username=admin&password=admin
[ sql ] [ DB ] CONNECT:[ UseTime:0.256327s ] mysql:host=hifafu.com;port=3306;dbname=DisNetDisk;charset=utf8
[ sql ] [ SQL ] SHOW COLUMNS FROM `netdisk_user` [ RunTime:0.373001s ]
[ sql ] [ SQL ] SELECT `salt` FROM `netdisk_user` WHERE  `username` = 'admin' [ RunTime:0.109979s ]
[ sql ] [ SQL ] SELECT * FROM `netdisk_user` WHERE  `username` = 'admin'  AND `password` = '99feb0c9809cbbe1ca471d45a6d555e4' LIMIT 1 [ RunTime:0.110458s ]
---------------------------------------------------------------
[ 2018-11-25T23:45:06+08:00 ] ::1 GET localhost/DistributedNetDisk/public/index.php?s=index/LoginController/login&username=admin&password=admin
[ sql ] [ DB ] CONNECT:[ UseTime:0.181440s ] mysql:host=hifafu.com;port=3306;dbname=DisNetDisk;charset=utf8
[ sql ] [ SQL ] SHOW COLUMNS FROM `netdisk_user` [ RunTime:0.121361s ]
[ sql ] [ SQL ] SELECT `salt` FROM `netdisk_user` WHERE  `username` = 'admin' [ RunTime:0.116785s ]
[ sql ] [ SQL ] SELECT * FROM `netdisk_user` WHERE  `username` = 'admin'  AND `password` = '99feb0c9809cbbe1ca471d45a6d555e4' LIMIT 1 [ RunTime:0.114876s ]
---------------------------------------------------------------
[ 2018-11-25T23:45:42+08:00 ] ::1 GET localhost/DistributedNetDisk/public/index.php?s=index/Fileupload/fileupload&_=1543160739658
[ error ] [8]未定义数组索引: data
---------------------------------------------------------------
[ 2018-11-25T23:45:45+08:00 ] ::1 GET localhost/DistributedNetDisk/public/index.php?s=index/Fileupload/fileupload&_=1543160742698
[ error ] [8]未定义数组索引: data
---------------------------------------------------------------
[ 2018-11-25T23:46:06+08:00 ] ::1 GET localhost/DistributedNetDisk/public/index.php?s=index/Fileupload/fileupload&_=1543160762723
[ error ] [8]未定义数组索引: data
---------------------------------------------------------------
[ 2018-11-25T23:46:19+08:00 ] ::1 GET localhost/DistributedNetDisk/public/index.php?s=index/Fileupload/fileupload&_=1543160778917
[ error ] [8]未定义数组索引: data
---------------------------------------------------------------
[ 2018-11-25T23:46:23+08:00 ] ::1 GET localhost/DistributedNetDisk/public/index.php?s=index/Fileupload/fileupload&_=1543160780931
[ error ] [8]未定义数组索引: data
