---------------------------------------------------------------
[ 2018-11-29T23:11:28+08:00 ] 127.0.0.1 GET localhost:63342/DistributedNetDisk/public/index.php?_ijt=m2bgcsqnen08gijccsf7dtol4e
[运行时间：0.036416s] [吞吐率：27.46req/s] [内存消耗：1,696.50kb] [文件加载：57]
[ info ] [ LANG ] /Library/WebServer/Documents/DistributedNetDisk/thinkphp/lang/zh-cn.php
[ info ] [ ROUTE ] array (
)
[ info ] [ HEADER ] array (
  'content-length' => '0',
  'cookie' => 'Phpstorm-f61eee2e=88fb9e94-06ed-48b3-aaaa-398aa6992bce; _ga=GA1.1.1287743122.1539181421; TESTLINK197TL_execSetResults_tpn_view_status=0; TESTLINK197TL_execSetResults_bn_view_status=0; TESTLINK197TL_execSetResults_platform_notes_view_status=0; TL_lastTestProjectForUserID_2=158; TESTLINK197TL_lastTestPlanForUserID_1=384; pgv_pvi=9072234496; Phpstorm-f61eee2f=dd821aeb-91da-46ea-930c-68ade6a24419; pgv_si=s8234663936; PHPSESSID=6fa7spjo302u60g7ld7c0un6pv; TESTLINK_USER_AUTH_COOKIE=6cdc2b1fb695c3d567db19836f5f6cd4776a5bae782af6cbc5cdfbb999e57836; TCEditPopupWidth=938; TCEditPopupHeight=613; ys-edit_tc_tproject_id_158_ext-comp-1001=a%3As%253A/158/207/211/212%5Es%253A/158/207/229/230%5Es%253A/158/207/211/219',
  'accept-language' => 'zh-CN,zh;q=0.9',
  'accept-encoding' => 'gzip, deflate, br',
  'accept' => 'text/html,application/xhtml+xml,application/xml;q=0.9,image/webp,image/apng,*/*;q=0.8',
  'dnt' => '1',
  'user-agent' => 'Mozilla/5.0 (Macintosh; Intel Mac OS X 10_14_0) AppleWebKit/537.36 (KHTML, like Gecko) Chrome/70.0.3538.110 Safari/537.36',
  'upgrade-insecure-requests' => '1',
  'host' => 'localhost:63342',
  'content-type' => '',
)
[ info ] [ PARAM ] array (
  '_ijt' => 'm2bgcsqnen08gijccsf7dtol4e',
)
---------------------------------------------------------------
[ 2018-11-29T23:12:32+08:00 ] ::1 GET localhost/DistributedNetDisk/public/index.php/index/Register/register
[运行时间：0.031916s] [吞吐率：31.33req/s] [内存消耗：1,618.04kb] [文件加载：62]
[ info ] [ LANG ] /Library/WebServer/Documents/DistributedNetDisk/thinkphp/lang/zh-cn.php
[ info ] [ ROUTE ] array (
)
[ info ] [ HEADER ] array (
  'host' => 'localhost',
  'connection' => 'keep-alive',
  'upgrade-insecure-requests' => '1',
  'user-agent' => 'Mozilla/5.0 (Macintosh; Intel Mac OS X 10_14_0) AppleWebKit/537.36 (KHTML, like Gecko) Chrome/70.0.3538.110 Safari/537.36',
  'dnt' => '1',
  'accept' => 'text/html,application/xhtml+xml,application/xml;q=0.9,image/webp,image/apng,*/*;q=0.8',
  'accept-encoding' => 'gzip, deflate, br',
  'accept-language' => 'zh-CN,zh;q=0.9',
  'cookie' => 'Phpstorm-f61eee2e=88fb9e94-06ed-48b3-aaaa-398aa6992bce; _ga=GA1.1.1287743122.1539181421; TESTLINK197TL_execSetResults_tpn_view_status=0; TESTLINK197TL_execSetResults_bn_view_status=0; TESTLINK197TL_execSetResults_platform_notes_view_status=0; TL_lastTestProjectForUserID_2=158; TESTLINK197TL_lastTestPlanForUserID_1=384; pgv_pvi=9072234496; Phpstorm-f61eee2f=dd821aeb-91da-46ea-930c-68ade6a24419; pgv_si=s8234663936; PHPSESSID=6fa7spjo302u60g7ld7c0un6pv; TESTLINK_USER_AUTH_COOKIE=6cdc2b1fb695c3d567db19836f5f6cd4776a5bae782af6cbc5cdfbb999e57836; TCEditPopupWidth=938; TCEditPopupHeight=613; ys-edit_tc_tproject_id_158_ext-comp-1001=a%3As%253A/158/207/211/212%5Es%253A/158/207/229/230%5Es%253A/158/207/211/219',
)
[ info ] [ PARAM ] array (
)
[ error ] [8]未定义数组索引: username[/Library/WebServer/Documents/DistributedNetDisk/application/index/controller/Register.php:19]
---------------------------------------------------------------
[ 2018-11-29T23:12:50+08:00 ] ::1 GET localhost/DistributedNetDisk/public/index.php/index/Register/register?username=joker&password=joker
[运行时间：0.633261s] [吞吐率：1.58req/s] [内存消耗：2,787.95kb] [文件加载：72]
[ info ] [ LANG ] /Library/WebServer/Documents/DistributedNetDisk/thinkphp/lang/zh-cn.php
[ info ] [ ROUTE ] array (
)
[ info ] [ HEADER ] array (
  'host' => 'localhost',
  'connection' => 'keep-alive',
  'upgrade-insecure-requests' => '1',
  'user-agent' => 'Mozilla/5.0 (Macintosh; Intel Mac OS X 10_14_0) AppleWebKit/537.36 (KHTML, like Gecko) Chrome/70.0.3538.110 Safari/537.36',
  'dnt' => '1',
  'accept' => 'text/html,application/xhtml+xml,application/xml;q=0.9,image/webp,image/apng,*/*;q=0.8',
  'accept-encoding' => 'gzip, deflate, br',
  'accept-language' => 'zh-CN,zh;q=0.9',
  'cookie' => 'Phpstorm-f61eee2e=88fb9e94-06ed-48b3-aaaa-398aa6992bce; _ga=GA1.1.1287743122.1539181421; TESTLINK197TL_execSetResults_tpn_view_status=0; TESTLINK197TL_execSetResults_bn_view_status=0; TESTLINK197TL_execSetResults_platform_notes_view_status=0; TL_lastTestProjectForUserID_2=158; TESTLINK197TL_lastTestPlanForUserID_1=384; pgv_pvi=9072234496; Phpstorm-f61eee2f=dd821aeb-91da-46ea-930c-68ade6a24419; pgv_si=s8234663936; PHPSESSID=6fa7spjo302u60g7ld7c0un6pv; TESTLINK_USER_AUTH_COOKIE=6cdc2b1fb695c3d567db19836f5f6cd4776a5bae782af6cbc5cdfbb999e57836; TCEditPopupWidth=938; TCEditPopupHeight=613; ys-edit_tc_tproject_id_158_ext-comp-1001=a%3As%253A/158/207/211/212%5Es%253A/158/207/229/230%5Es%253A/158/207/211/219',
)
[ info ] [ PARAM ] array (
  'username' => 'joker',
  'password' => 'joker',
)
[ info ] [ DB ] INIT mysql
[ sql ] [ DB ] CONNECT:[ UseTime:0.218782s ] mysql:host=hifafu.com;port=3306;dbname=DisNetDisk;charset=utf8
[ sql ] [ SQL ] SHOW COLUMNS FROM `netdisk_user` [ RunTime:0.091545s ]
[ sql ] [ SQL ] SELECT * FROM `netdisk_user` WHERE  `username` = 'joker' LIMIT 1 [ RunTime:0.091047s ]
[ sql ] [ SQL ] INSERT INTO `netdisk_user` (`username` , `password` , `salt`) VALUES ('joker' , 'b55045ee3c1247e14bdff0e35a1b226d' , '66fcdea81f5ebefeb08595a180ea3081') [ RunTime:0.099307s ]
---------------------------------------------------------------
[ 2018-11-29T23:23:34+08:00 ] 127.0.0.1 GET localhost:63342/DistributedNetDisk/public/index.php?_ijt=om2t4h0m1dh8ct7qjdkngvbgaa
[运行时间：0.042061s] [吞吐率：23.78req/s] [内存消耗：1,696.50kb] [文件加载：57]
[ info ] [ LANG ] /Library/WebServer/Documents/DistributedNetDisk/thinkphp/lang/zh-cn.php
[ info ] [ ROUTE ] array (
)
[ info ] [ HEADER ] array (
  'content-length' => '0',
  'cookie' => 'Phpstorm-f61eee2e=88fb9e94-06ed-48b3-aaaa-398aa6992bce; _ga=GA1.1.1287743122.1539181421; TESTLINK197TL_execSetResults_tpn_view_status=0; TESTLINK197TL_execSetResults_bn_view_status=0; TESTLINK197TL_execSetResults_platform_notes_view_status=0; TL_lastTestProjectForUserID_2=158; TESTLINK197TL_lastTestPlanForUserID_1=384; pgv_pvi=9072234496; Phpstorm-f61eee2f=dd821aeb-91da-46ea-930c-68ade6a24419; pgv_si=s8234663936; PHPSESSID=6fa7spjo302u60g7ld7c0un6pv; TESTLINK_USER_AUTH_COOKIE=6cdc2b1fb695c3d567db19836f5f6cd4776a5bae782af6cbc5cdfbb999e57836; TCEditPopupWidth=938; TCEditPopupHeight=613; ys-edit_tc_tproject_id_158_ext-comp-1001=a%3As%253A/158/207/211/212%5Es%253A/158/207/229/230%5Es%253A/158/207/211/219',
  'accept-language' => 'zh-CN,zh;q=0.9',
  'accept-encoding' => 'gzip, deflate, br',
  'accept' => 'text/html,application/xhtml+xml,application/xml;q=0.9,image/webp,image/apng,*/*;q=0.8',
  'dnt' => '1',
  'user-agent' => 'Mozilla/5.0 (Macintosh; Intel Mac OS X 10_14_0) AppleWebKit/537.36 (KHTML, like Gecko) Chrome/70.0.3538.110 Safari/537.36',
  'upgrade-insecure-requests' => '1',
  'host' => 'localhost:63342',
  'content-type' => '',
)
[ info ] [ PARAM ] array (
  '_ijt' => 'om2t4h0m1dh8ct7qjdkngvbgaa',
)
---------------------------------------------------------------
[ 2018-11-29T23:23:41+08:00 ] ::1 GET localhost/DistributedNetDisk/public/index.php?s=index/LoginController/login&username=joker&password=joker
[运行时间：0.028314s] [吞吐率：35.32req/s] [内存消耗：1,620.67kb] [文件加载：62]
[ info ] [ LANG ] /Library/WebServer/Documents/DistributedNetDisk/thinkphp/lang/zh-cn.php
[ info ] [ ROUTE ] array (
)
[ info ] [ HEADER ] array (
  'host' => 'localhost',
  'connection' => 'keep-alive',
  'accept' => 'application/json, text/javascript, */*; q=0.01',
  'dnt' => '1',
  'x-requested-with' => 'XMLHttpRequest',
  'user-agent' => 'Mozilla/5.0 (Macintosh; Intel Mac OS X 10_14_0) AppleWebKit/537.36 (KHTML, like Gecko) Chrome/70.0.3538.110 Safari/537.36',
  'content-type' => 'application/json; charset=utf-8',
  'referer' => 'http://localhost/DistributedNetDisk/public/static/login/index.html',
  'accept-encoding' => 'gzip, deflate, br',
  'accept-language' => 'zh-CN,zh;q=0.9',
  'cookie' => 'Phpstorm-f61eee2e=88fb9e94-06ed-48b3-aaaa-398aa6992bce; _ga=GA1.1.1287743122.1539181421; TESTLINK197TL_execSetResults_tpn_view_status=0; TESTLINK197TL_execSetResults_bn_view_status=0; TESTLINK197TL_execSetResults_platform_notes_view_status=0; TL_lastTestProjectForUserID_2=158; TESTLINK197TL_lastTestPlanForUserID_1=384; pgv_pvi=9072234496; Phpstorm-f61eee2f=dd821aeb-91da-46ea-930c-68ade6a24419; pgv_si=s8234663936; PHPSESSID=6fa7spjo302u60g7ld7c0un6pv; TESTLINK_USER_AUTH_COOKIE=6cdc2b1fb695c3d567db19836f5f6cd4776a5bae782af6cbc5cdfbb999e57836; TCEditPopupWidth=938; TCEditPopupHeight=613; ys-edit_tc_tproject_id_158_ext-comp-1001=a%3As%253A/158/207/211/212%5Es%253A/158/207/229/230%5Es%253A/158/207/211/219',
)
[ info ] [ PARAM ] array (
  'username' => 'joker',
  'password' => 'joker',
)
[ error ] [8]未定义数组索引: username[/Library/WebServer/Documents/DistributedNetDisk/application/index/controller/LoginController.php:36]
---------------------------------------------------------------
[ 2018-11-29T23:25:26+08:00 ] ::1 GET localhost/DistributedNetDisk/public/index.php?s=index/LoginController/login&username=admin&password=admin
[运行时间：0.023647s] [吞吐率：42.29req/s] [内存消耗：1,620.67kb] [文件加载：62]
[ info ] [ LANG ] /Library/WebServer/Documents/DistributedNetDisk/thinkphp/lang/zh-cn.php
[ info ] [ ROUTE ] array (
)
[ info ] [ HEADER ] array (
  'host' => 'localhost',
  'connection' => 'keep-alive',
  'accept' => 'application/json, text/javascript, */*; q=0.01',
  'dnt' => '1',
  'x-requested-with' => 'XMLHttpRequest',
  'user-agent' => 'Mozilla/5.0 (Macintosh; Intel Mac OS X 10_14_0) AppleWebKit/537.36 (KHTML, like Gecko) Chrome/70.0.3538.110 Safari/537.36',
  'content-type' => 'application/json; charset=utf-8',
  'referer' => 'http://localhost/DistributedNetDisk/public/static/login/index.html?',
  'accept-encoding' => 'gzip, deflate, br',
  'accept-language' => 'zh-CN,zh;q=0.9',
  'cookie' => 'Phpstorm-f61eee2e=88fb9e94-06ed-48b3-aaaa-398aa6992bce; _ga=GA1.1.1287743122.1539181421; TESTLINK197TL_execSetResults_tpn_view_status=0; TESTLINK197TL_execSetResults_bn_view_status=0; TESTLINK197TL_execSetResults_platform_notes_view_status=0; TL_lastTestProjectForUserID_2=158; TESTLINK197TL_lastTestPlanForUserID_1=384; pgv_pvi=9072234496; Phpstorm-f61eee2f=dd821aeb-91da-46ea-930c-68ade6a24419; pgv_si=s8234663936; PHPSESSID=6fa7spjo302u60g7ld7c0un6pv; TESTLINK_USER_AUTH_COOKIE=6cdc2b1fb695c3d567db19836f5f6cd4776a5bae782af6cbc5cdfbb999e57836; TCEditPopupWidth=938; TCEditPopupHeight=613; ys-edit_tc_tproject_id_158_ext-comp-1001=a%3As%253A/158/207/211/212%5Es%253A/158/207/229/230%5Es%253A/158/207/211/219',
)
[ info ] [ PARAM ] array (
  'username' => 'admin',
  'password' => 'admin',
)
[ error ] [8]未定义数组索引: username[/Library/WebServer/Documents/DistributedNetDisk/application/index/controller/LoginController.php:36]
---------------------------------------------------------------
[ 2018-11-29T23:27:19+08:00 ] ::1 GET localhost/DistributedNetDisk/public/index.php?s=index/LoginController/login&username=admin&password=admin
[运行时间：0.042033s] [吞吐率：23.79req/s] [内存消耗：1,620.67kb] [文件加载：62]
[ info ] [ LANG ] /Library/WebServer/Documents/DistributedNetDisk/thinkphp/lang/zh-cn.php
[ info ] [ ROUTE ] array (
)
[ info ] [ HEADER ] array (
  'host' => 'localhost',
  'connection' => 'keep-alive',
  'accept' => 'application/json, text/javascript, */*; q=0.01',
  'dnt' => '1',
  'x-requested-with' => 'XMLHttpRequest',
  'user-agent' => 'Mozilla/5.0 (Macintosh; Intel Mac OS X 10_14_0) AppleWebKit/537.36 (KHTML, like Gecko) Chrome/70.0.3538.110 Safari/537.36',
  'content-type' => 'application/json; charset=utf-8',
  'referer' => 'http://localhost/DistributedNetDisk/public/static/login/index.html?',
  'accept-encoding' => 'gzip, deflate, br',
  'accept-language' => 'zh-CN,zh;q=0.9',
  'cookie' => 'Phpstorm-f61eee2e=88fb9e94-06ed-48b3-aaaa-398aa6992bce; _ga=GA1.1.1287743122.1539181421; TESTLINK197TL_execSetResults_tpn_view_status=0; TESTLINK197TL_execSetResults_bn_view_status=0; TESTLINK197TL_execSetResults_platform_notes_view_status=0; TL_lastTestProjectForUserID_2=158; TESTLINK197TL_lastTestPlanForUserID_1=384; pgv_pvi=9072234496; Phpstorm-f61eee2f=dd821aeb-91da-46ea-930c-68ade6a24419; pgv_si=s8234663936; PHPSESSID=6fa7spjo302u60g7ld7c0un6pv; TESTLINK_USER_AUTH_COOKIE=6cdc2b1fb695c3d567db19836f5f6cd4776a5bae782af6cbc5cdfbb999e57836; TCEditPopupWidth=938; TCEditPopupHeight=613; ys-edit_tc_tproject_id_158_ext-comp-1001=a%3As%253A/158/207/211/212%5Es%253A/158/207/229/230%5Es%253A/158/207/211/219',
)
[ info ] [ PARAM ] array (
  'username' => 'admin',
  'password' => 'admin',
)
[ error ] [8]未定义数组索引: username[/Library/WebServer/Documents/DistributedNetDisk/application/index/controller/LoginController.php:36]
---------------------------------------------------------------
[ 2018-11-29T23:27:33+08:00 ] ::1 GET localhost/DistributedNetDisk/public/index.php?s=index/LoginController/login&username=admin&password=admin
[运行时间：0.037095s] [吞吐率：26.96req/s] [内存消耗：1,620.67kb] [文件加载：62]
[ info ] [ LANG ] /Library/WebServer/Documents/DistributedNetDisk/thinkphp/lang/zh-cn.php
[ info ] [ ROUTE ] array (
)
[ info ] [ HEADER ] array (
  'host' => 'localhost',
  'connection' => 'keep-alive',
  'accept' => 'application/json, text/javascript, */*; q=0.01',
  'dnt' => '1',
  'x-requested-with' => 'XMLHttpRequest',
  'user-agent' => 'Mozilla/5.0 (Macintosh; Intel Mac OS X 10_14_0) AppleWebKit/537.36 (KHTML, like Gecko) Chrome/70.0.3538.110 Safari/537.36',
  'content-type' => 'application/json; charset=utf-8',
  'referer' => 'http://localhost/DistributedNetDisk/public/static/login/index.html?',
  'accept-encoding' => 'gzip, deflate, br',
  'accept-language' => 'zh-CN,zh;q=0.9',
  'cookie' => 'Phpstorm-f61eee2e=88fb9e94-06ed-48b3-aaaa-398aa6992bce; _ga=GA1.1.1287743122.1539181421; TESTLINK197TL_execSetResults_tpn_view_status=0; TESTLINK197TL_execSetResults_bn_view_status=0; TESTLINK197TL_execSetResults_platform_notes_view_status=0; TL_lastTestProjectForUserID_2=158; TESTLINK197TL_lastTestPlanForUserID_1=384; pgv_pvi=9072234496; Phpstorm-f61eee2f=dd821aeb-91da-46ea-930c-68ade6a24419; pgv_si=s8234663936; PHPSESSID=6fa7spjo302u60g7ld7c0un6pv; TESTLINK_USER_AUTH_COOKIE=6cdc2b1fb695c3d567db19836f5f6cd4776a5bae782af6cbc5cdfbb999e57836; TCEditPopupWidth=938; TCEditPopupHeight=613; ys-edit_tc_tproject_id_158_ext-comp-1001=a%3As%253A/158/207/211/212%5Es%253A/158/207/229/230%5Es%253A/158/207/211/219',
)
[ info ] [ PARAM ] array (
  'username' => 'admin',
  'password' => 'admin',
)
[ error ] [8]未定义数组索引: username[/Library/WebServer/Documents/DistributedNetDisk/application/index/controller/LoginController.php:36]
---------------------------------------------------------------
[ 2018-11-29T23:28:08+08:00 ] ::1 GET localhost/DistributedNetDisk/public/index.php?s=index/LoginController/login&username=admin&password=admin
[运行时间：0.703941s] [吞吐率：1.42req/s] [内存消耗：2,824.89kb] [文件加载：72]
[ info ] [ LANG ] /Library/WebServer/Documents/DistributedNetDisk/thinkphp/lang/zh-cn.php
[ info ] [ ROUTE ] array (
)
[ info ] [ HEADER ] array (
  'host' => 'localhost',
  'connection' => 'keep-alive',
  'accept' => 'application/json, text/javascript, */*; q=0.01',
  'dnt' => '1',
  'x-requested-with' => 'XMLHttpRequest',
  'user-agent' => 'Mozilla/5.0 (Macintosh; Intel Mac OS X 10_14_0) AppleWebKit/537.36 (KHTML, like Gecko) Chrome/70.0.3538.110 Safari/537.36',
  'content-type' => 'application/json; charset=utf-8',
  'referer' => 'http://localhost/DistributedNetDisk/public/static/login/index.html?',
  'accept-encoding' => 'gzip, deflate, br',
  'accept-language' => 'zh-CN,zh;q=0.9',
  'cookie' => 'Phpstorm-f61eee2e=88fb9e94-06ed-48b3-aaaa-398aa6992bce; _ga=GA1.1.1287743122.1539181421; TESTLINK197TL_execSetResults_tpn_view_status=0; TESTLINK197TL_execSetResults_bn_view_status=0; TESTLINK197TL_execSetResults_platform_notes_view_status=0; TL_lastTestProjectForUserID_2=158; TESTLINK197TL_lastTestPlanForUserID_1=384; pgv_pvi=9072234496; Phpstorm-f61eee2f=dd821aeb-91da-46ea-930c-68ade6a24419; pgv_si=s8234663936; PHPSESSID=6fa7spjo302u60g7ld7c0un6pv; TESTLINK_USER_AUTH_COOKIE=6cdc2b1fb695c3d567db19836f5f6cd4776a5bae782af6cbc5cdfbb999e57836; TCEditPopupWidth=938; TCEditPopupHeight=613; ys-edit_tc_tproject_id_158_ext-comp-1001=a%3As%253A/158/207/211/212%5Es%253A/158/207/229/230%5Es%253A/158/207/211/219',
)
[ info ] [ PARAM ] array (
  'username' => 'admin',
  'password' => 'admin',
)
[ info ] [ DB ] INIT mysql
[ sql ] [ DB ] CONNECT:[ UseTime:0.412286s ] mysql:host=hifafu.com;port=3306;dbname=DisNetDisk;charset=utf8
[ sql ] [ SQL ] SHOW COLUMNS FROM `netdisk_user` [ RunTime:0.101731s ]
[ sql ] [ SQL ] SELECT * FROM `netdisk_user` WHERE  `username` = 'admin' LIMIT 1 [ RunTime:0.100889s ]
---------------------------------------------------------------
[ 2018-11-29T23:30:04+08:00 ] ::1 GET localhost/DistributedNetDisk/public/index.php?s=index/index/showpage
[运行时间：0.042317s] [吞吐率：23.63req/s] [内存消耗：1,568.84kb] [文件加载：58]
[ info ] [ LANG ] /Library/WebServer/Documents/DistributedNetDisk/thinkphp/lang/zh-cn.php
[ info ] [ ROUTE ] array (
)
[ info ] [ HEADER ] array (
  'host' => 'localhost',
  'connection' => 'keep-alive',
  'accept' => 'application/json, text/javascript, */*; q=0.01',
  'dnt' => '1',
  'x-requested-with' => 'XMLHttpRequest',
  'user-agent' => 'Mozilla/5.0 (Macintosh; Intel Mac OS X 10_14_0) AppleWebKit/537.36 (KHTML, like Gecko) Chrome/70.0.3538.110 Safari/537.36',
  'content-type' => 'application/json; charset=utf-8',
  'referer' => 'http://localhost/DistributedNetDisk/public/static/login/page/netdisk/',
  'accept-encoding' => 'gzip, deflate, br',
  'accept-language' => 'zh-CN,zh;q=0.9',
  'cookie' => 'Phpstorm-f61eee2e=88fb9e94-06ed-48b3-aaaa-398aa6992bce; _ga=GA1.1.1287743122.1539181421; TESTLINK197TL_execSetResults_tpn_view_status=0; TESTLINK197TL_execSetResults_bn_view_status=0; TESTLINK197TL_execSetResults_platform_notes_view_status=0; TL_lastTestProjectForUserID_2=158; TESTLINK197TL_lastTestPlanForUserID_1=384; pgv_pvi=9072234496; Phpstorm-f61eee2f=dd821aeb-91da-46ea-930c-68ade6a24419; pgv_si=s8234663936; PHPSESSID=6fa7spjo302u60g7ld7c0un6pv; TESTLINK_USER_AUTH_COOKIE=6cdc2b1fb695c3d567db19836f5f6cd4776a5bae782af6cbc5cdfbb999e57836; TCEditPopupWidth=938; TCEditPopupHeight=613; ys-edit_tc_tproject_id_158_ext-comp-1001=a%3As%253A/158/207/211/212%5Es%253A/158/207/229/230%5Es%253A/158/207/211/219',
)
[ info ] [ PARAM ] array (
)
